#-----------------------------------------------------------
# Vivado v2019.2 (64-bit)
# SW Build 2708876 on Wed Nov  6 21:40:23 MST 2019
# IP Build 2700528 on Thu Nov  7 00:09:20 MST 2019
# Start of session at: Tue Dec 26 20:35:57 2023
# Process ID: 9744
# Current directory: C:/Users/Владимир/Desktop/lab_5_aps
# Command line: vivado.exe -gui_launcher_event rodinguilauncherevent24336 C:\Users\Владимир\Desktop\lab_5_aps\project_1.xpr
# Log file: C:/Users/Владимир/Desktop/lab_5_aps/vivado.log
# Journal file: C:/Users/Владимир/Desktop/lab_5_aps\vivado.jou
#-----------------------------------------------------------
start_gui
open_project C:/Users/Владимир/Desktop/lab_5_aps/project_1.xpr
Scanning sources...
Finished scanning sources
INFO: [IP_Flow 19-234] Refreshing IP repositories
INFO: [IP_Flow 19-1704] No user IP repositories specified
INFO: [IP_Flow 19-2313] Loaded Vivado IP repository 'C:/Xilinx/Vivado/2019.2/data/ip'.
update_compile_order -fileset sources_1
reset_run synth_1
launch_runs impl_1 -to_step write_bitstream -jobs 6
[Tue Dec 26 20:36:22 2023] Launched synth_1...
Run output will be captured here: C:/Users/Владимир/Desktop/lab_5_aps/project_1.runs/synth_1/runme.log
[Tue Dec 26 20:36:22 2023] Launched impl_1...
Run output will be captured here: C:/Users/Владимир/Desktop/lab_5_aps/project_1.runs/impl_1/runme.log
reset_run synth_1
launch_runs impl_1 -to_step write_bitstream -jobs 6
[Tue Dec 26 20:44:35 2023] Launched synth_1...
Run output will be captured here: C:/Users/Владимир/Desktop/lab_5_aps/project_1.runs/synth_1/runme.log
[Tue Dec 26 20:44:35 2023] Launched impl_1...
Run output will be captured here: C:/Users/Владимир/Desktop/lab_5_aps/project_1.runs/impl_1/runme.log
reset_run synth_1
launch_runs impl_1 -to_step write_bitstream -jobs 6
[Tue Dec 26 20:45:49 2023] Launched synth_1...
Run output will be captured here: C:/Users/Владимир/Desktop/lab_5_aps/project_1.runs/synth_1/runme.log
[Tue Dec 26 20:45:50 2023] Launched impl_1...
Run output will be captured here: C:/Users/Владимир/Desktop/lab_5_aps/project_1.runs/impl_1/runme.log
reset_run synth_1
launch_runs impl_1 -to_step write_bitstream -jobs 6
[Tue Dec 26 20:47:48 2023] Launched synth_1...
Run output will be captured here: C:/Users/Владимир/Desktop/lab_5_aps/project_1.runs/synth_1/runme.log
[Tue Dec 26 20:47:49 2023] Launched impl_1...
Run output will be captured here: C:/Users/Владимир/Desktop/lab_5_aps/project_1.runs/impl_1/runme.log
exit
INFO: [Common 17-206] Exiting Vivado at Tue Dec 26 20:51:32 2023...
